<?xml version="1.0" encoding="utf-8" standalone="no"?>
<test-run id="0" runstate="Runnable" testcasecount="3" result="Failed" total="3" passed="2" failed="1" inconclusive="0" skipped="0" asserts="6" engine-version="3.12.0.0" clr-version="4.0.30319.42000" start-time="2021-07-21 10:19:05Z" end-time="2021-07-21 10:19:06Z" duration="1.229487">
  <command-line><![CDATA[nunit3-console  TestApi.dll]]></command-line>
  <test-suite type="Assembly" id="1-1004" name="TestApi.dll" fullname="C:\Users\Savs\source\repos\TestApi\TestApi\bin\Debug\net472\TestApi.dll" runstate="Runnable" testcasecount="3" result="Failed" site="Child" start-time="2021-07-21 10:19:05Z" end-time="2021-07-21 10:19:06Z" duration="0.781605" total="3" passed="2" failed="1" warnings="0" inconclusive="0" skipped="0" asserts="6">
    <environment framework-version="3.12.0.0" clr-version="4.0.30319.42000" os-version="Microsoft Windows NT 10.0.19041.0" platform="Win32NT" cwd="C:\Users\Savs\source\repos\TestApi\TestApi\bin\Debug\net472" machine-name="DESKTOP-B13A3KB" user="Savs" user-domain="DESKTOP-B13A3KB" culture="en-US" uiculture="en-US" os-architecture="x64" />
    <settings>
      <setting name="DisposeRunners" value="True" />
      <setting name="WorkDirectory" value="C:\Users\Savs\source\repos\TestApi\TestApi\bin\Debug\net472" />
      <setting name="ImageRuntimeVersion" value="4.0.30319" />
      <setting name="ImageTargetFrameworkName" value=".NETFramework,Version=v4.7.2" />
      <setting name="ImageRequiresX86" value="False" />
      <setting name="ImageRequiresDefaultAppDomainAssemblyResolver" value="False" />
      <setting name="TargetRuntimeFramework" value="net-4.0" />
      <setting name="NumberOfTestWorkers" value="12" />
    </settings>
    <properties>
      <property name="_PID" value="19744" />
      <property name="_APPDOMAIN" value="domain-" />
    </properties>
    <failure>
      <message><![CDATA[One or more child tests had errors]]></message>
    </failure>
    <test-suite type="TestSuite" id="1-1005" name="TestApi" fullname="TestApi" runstate="Runnable" testcasecount="3" result="Failed" site="Child" start-time="2021-07-21 10:19:05Z" end-time="2021-07-21 10:19:06Z" duration="0.765287" total="3" passed="2" failed="1" warnings="0" inconclusive="0" skipped="0" asserts="6">
      <failure>
        <message><![CDATA[One or more child tests had errors]]></message>
      </failure>
      <test-suite type="TestFixture" id="1-1000" name="DemoMacroscopTests" fullname="TestApi.DemoMacroscopTests" classname="TestApi.DemoMacroscopTests" runstate="Runnable" testcasecount="3" result="Failed" site="Child" start-time="2021-07-21 10:19:05Z" end-time="2021-07-21 10:19:06Z" duration="0.761298" total="3" passed="2" failed="1" warnings="0" inconclusive="0" skipped="0" asserts="6">
        <failure>
          <message><![CDATA[One or more child tests had errors]]></message>
        </failure>
        <test-case id="1-1002" name="СommandGettime_ReciveJSON_15SecLocalTimeDiff" fullname="TestApi.DemoMacroscopTests.СommandGettime_ReciveJSON_15SecLocalTimeDiff" methodname="СommandGettime_ReciveJSON_15SecLocalTimeDiff" classname="TestApi.DemoMacroscopTests" runstate="Runnable" seed="1834024207" result="Passed" start-time="2021-07-21 10:19:05Z" end-time="2021-07-21 10:19:06Z" duration="0.493555" asserts="2" />
        <test-case id="1-1001" name="СommandGettime_ReciveXML_15SecLocalTimeDiff" fullname="TestApi.DemoMacroscopTests.СommandGettime_ReciveXML_15SecLocalTimeDiff" methodname="СommandGettime_ReciveXML_15SecLocalTimeDiff" classname="TestApi.DemoMacroscopTests" runstate="Runnable" seed="1249843353" result="Passed" start-time="2021-07-21 10:19:06Z" end-time="2021-07-21 10:19:06Z" duration="0.012609" asserts="2" />
        <test-case id="1-1003" name="Сonfigex_ReciveXML_ChanelsMoreThan6" fullname="TestApi.DemoMacroscopTests.Сonfigex_ReciveXML_ChanelsMoreThan6" methodname="Сonfigex_ReciveXML_ChanelsMoreThan6" classname="TestApi.DemoMacroscopTests" runstate="Runnable" seed="652715857" result="Failed" start-time="2021-07-21 10:19:06Z" end-time="2021-07-21 10:19:06Z" duration="0.245517" asserts="2">
          <failure>
            <message><![CDATA[  В полученной конфигурации 5 каналов
  Expected: True
  But was:  False
]]></message>
            <stack-trace><![CDATA[   at TestApi.DemoMacroscopTests.Сonfigex_ReciveXML_ChanelsMoreThan6() in C:\Users\Savs\source\repos\TestApi\TestApi\DemoMacroscopTests.cs:line 147
]]></stack-trace>
          </failure>
          <assertions>
            <assertion result="Failed">
              <message><![CDATA[  В полученной конфигурации 5 каналов
  Expected: True
  But was:  False
]]></message>
              <stack-trace><![CDATA[   at TestApi.DemoMacroscopTests.Сonfigex_ReciveXML_ChanelsMoreThan6() in C:\Users\Savs\source\repos\TestApi\TestApi\DemoMacroscopTests.cs:line 147
]]></stack-trace>
            </assertion>
          </assertions>
        </test-case>
      </test-suite>
    </test-suite>
  </test-suite>
</test-run>