<?xml version="1.0" encoding="utf-8" standalone="no"?>
<test-run id="0" runstate="Runnable" testcasecount="3" result="Passed" total="3" passed="3" failed="0" inconclusive="0" skipped="0" asserts="6" engine-version="3.12.0.0" clr-version="4.0.30319.42000" start-time="2021-07-19 17:55:35Z" end-time="2021-07-19 17:55:36Z" duration="1.103607">
  <command-line><![CDATA[nunit3-console  TestApi.dll]]></command-line>
  <test-suite type="Assembly" id="1-1004" name="TestApi.dll" fullname="C:\Users\Savs\source\repos\TestApi\TestApi\bin\Debug\net472\TestApi.dll" runstate="Runnable" testcasecount="3" result="Passed" start-time="2021-07-19 17:55:35Z" end-time="2021-07-19 17:55:36Z" duration="0.657108" total="3" passed="3" failed="0" warnings="0" inconclusive="0" skipped="0" asserts="6">
    <environment framework-version="3.12.0.0" clr-version="4.0.30319.42000" os-version="Microsoft Windows NT 10.0.19041.0" platform="Win32NT" cwd="C:\Users\Savs\source\repos\TestApi\TestApi\bin\Debug\net472" machine-name="DESKTOP-B13A3KB" user="Savs" user-domain="DESKTOP-B13A3KB" culture="en-US" uiculture="en-US" os-architecture="x64" />
    <settings>
      <setting name="DisposeRunners" value="True" />
      <setting name="WorkDirectory" value="C:\Users\Savs\source\repos\TestApi\TestApi\bin\Debug\net472" />
      <setting name="ImageRuntimeVersion" value="4.0.30319" />
      <setting name="ImageTargetFrameworkName" value=".NETFramework,Version=v4.7.2" />
      <setting name="ImageRequiresX86" value="False" />
      <setting name="ImageRequiresDefaultAppDomainAssemblyResolver" value="False" />
      <setting name="TargetRuntimeFramework" value="net-4.0" />
      <setting name="NumberOfTestWorkers" value="12" />
    </settings>
    <properties>
      <property name="_PID" value="4204" />
      <property name="_APPDOMAIN" value="domain-" />
    </properties>
    <test-suite type="TestSuite" id="1-1005" name="TestApi" fullname="TestApi" runstate="Runnable" testcasecount="3" result="Passed" start-time="2021-07-19 17:55:35Z" end-time="2021-07-19 17:55:36Z" duration="0.639081" total="3" passed="3" failed="0" warnings="0" inconclusive="0" skipped="0" asserts="6">
      <test-suite type="TestFixture" id="1-1000" name="Tests" fullname="TestApi.Tests" classname="TestApi.Tests" runstate="Runnable" testcasecount="3" result="Passed" start-time="2021-07-19 17:55:35Z" end-time="2021-07-19 17:55:36Z" duration="0.635208" total="3" passed="3" failed="0" warnings="0" inconclusive="0" skipped="0" asserts="6">
        <test-case id="1-1003" name="TestConfigurationChanelsXML" fullname="TestApi.Tests.TestConfigurationChanelsXML" methodname="TestConfigurationChanelsXML" classname="TestApi.Tests" runstate="Runnable" seed="580349996" result="Passed" start-time="2021-07-19 17:55:35Z" end-time="2021-07-19 17:55:36Z" duration="0.530500" asserts="2" />
        <test-case id="1-1002" name="TestTimeJSON" fullname="TestApi.Tests.TestTimeJSON" methodname="TestTimeJSON" classname="TestApi.Tests" runstate="Runnable" seed="1370475476" result="Passed" start-time="2021-07-19 17:55:36Z" end-time="2021-07-19 17:55:36Z" duration="0.088745" asserts="2" />
        <test-case id="1-1001" name="TestTimeXML" fullname="TestApi.Tests.TestTimeXML" methodname="TestTimeXML" classname="TestApi.Tests" runstate="Runnable" seed="1725224359" result="Passed" start-time="2021-07-19 17:55:36Z" end-time="2021-07-19 17:55:36Z" duration="0.006457" asserts="2" />
      </test-suite>
    </test-suite>
  </test-suite>
</test-run>